2025-08-28 18:15:18,600 - INFO - Ambulance created: id=1 status='Available' location=Location(lat=44.4268, lon=26.1025) default_location=None
2025-08-28 18:15:31,718 - INFO - Ambulance created: id=2 status='Available' location=Location(lat=44.435, lon=26.097) default_location=None
2025-08-28 18:16:03,969 - INFO - Incident created: id=1 severity=3 location=Location(lat=44.437, lon=26.1) assigned_unit=None
2025-08-28 18:17:32,772 - WARNING - Dispatch failed: Incident 1 not found
2025-08-28 18:17:40,334 - WARNING - Dispatch failed: Incident 1 not found
2025-08-28 18:18:09,161 - INFO - Ambulance created: id=1 status='Available' location=Location(lat=44.4268, lon=26.1025) default_location=None
2025-08-28 18:18:36,592 - INFO - Ambulance created: id=2 status='Available' location=Location(lat=44.435, lon=26.097) default_location=None
2025-08-28 18:19:16,068 - INFO - Incident created: id=1 severity=3 location=Location(lat=44.437, lon=26.1) assigned_unit=None
2025-08-28 18:27:49,232 - INFO - Ambulance created: id=1 status='Available' location=Location(lat=44.4268, lon=26.1025) default_location=None
2025-08-28 18:27:56,297 - INFO - Ambulance created: id=2 status='Available' location=Location(lat=44.435, lon=26.097) default_location=None
2025-08-28 18:28:27,145 - INFO - Incident created: id=1 severity=3 location=Location(lat=44.437, lon=26.1) assigned_unit=None
2025-08-28 18:31:18,568 - INFO - Ambulance created: id=1 status='Available' location=Location(lat=44.4268, lon=26.1025) default_location=None
2025-08-28 18:31:31,397 - INFO - Ambulance created: id=2 status='Available' location=Location(lat=44.435, lon=26.097) default_location=None
2025-08-28 18:31:52,196 - INFO - Incident created: id=1 severity=3 location=Location(lat=44.437, lon=26.1) assigned_unit=None
2025-08-28 18:32:13,236 - INFO - Ambulance 2 dispatched to Incident 1 at 3.2 min away
2025-08-28 20:49:59,982 - INFO - Ambulance created: id=1 status='Available' location=Location(lat=44.4268, lon=26.1025) default_location=None
2025-08-28 20:50:09,452 - INFO - Ambulance created: id=2 status='Available' location=Location(lat=44.435, lon=26.097) default_location=None
2025-08-28 20:50:25,416 - INFO - Incident created: id=1 severity=3 location=Location(lat=44.437, lon=26.1) assigned_unit=None
2025-08-28 20:50:40,634 - INFO - Ambulance 2 dispatched to Incident 1 at 3.2 min away
2025-08-28 20:54:42,269 - INFO - Ambulance created: id=1 status='Available' location=Location(lat=44.4268, lon=26.1025) default_location=None
2025-08-28 20:54:50,033 - INFO - Ambulance created: id=2 status='Available' location=Location(lat=44.435, lon=26.097) default_location=None
2025-08-28 20:55:08,470 - INFO - Incident created: id=1 severity=3 location=Location(lat=44.437, lon=26.1) assigned_unit=None
2025-08-28 20:55:20,881 - INFO - Ambulance 2 dispatched to Incident 1 at 3.2 min away

2025-10-19 12:20:11,567 - INFO - Scheduler started
2025-10-19 12:20:17,130 - INFO - Scheduler has been shut down
2025-10-19 14:30:11,606 - INFO - Scheduler started
2025-10-19 14:30:35,526 - INFO - Scheduler has been shut down
2025-10-20 11:25:29,796 - INFO - Scheduler started
2025-10-20 11:25:54,288 - INFO - Incident created: id=1 severity=0 status='string' lat=0.0 lon=0.0 assigned_unit=0
2025-10-20 11:36:20,164 - INFO - Scheduler has been shut down
2025-10-25 15:03:17,378 - INFO - Scheduler started
2025-10-25 15:07:54,757 - INFO - Scheduler has been shut down
2025-10-25 15:07:56,702 - INFO - Scheduler started
2025-10-25 15:12:04,498 - INFO - Incident created: id=2 severity=1 status='Active' lat=47.6567 lon=23.585 assigned_unit=0
2025-10-25 15:23:18,965 - INFO - Ambulance with ID 1 was successfully added to database.
2025-10-25 15:23:44,597 - INFO - Ambulance with ID 2 was successfully added to database.
2025-10-26 13:27:16,456 - INFO - Scheduler has been shut down
2025-10-26 13:27:23,213 - INFO - Scheduler started
2025-10-26 13:28:08,643 - INFO - Scheduler started
2025-10-26 13:43:58,357 - INFO - Scheduler has been shut down
2025-10-26 13:43:58,673 - INFO - Scheduler has been shut down
2025-10-26 13:44:01,179 - INFO - Scheduler started
2025-10-26 13:44:01,427 - INFO - Scheduler started
2025-10-26 13:47:45,391 - INFO - Scheduler has been shut down
2025-10-26 13:47:45,695 - INFO - Scheduler has been shut down
2025-10-26 13:47:49,016 - INFO - Scheduler started
2025-10-26 13:47:49,298 - INFO - Scheduler started
2025-10-26 13:56:23,804 - INFO - Scheduler has been shut down
2025-10-26 13:56:24,013 - INFO - Scheduler has been shut down
2025-10-26 13:56:26,824 - INFO - Scheduler started
2025-10-26 13:56:27,005 - INFO - Scheduler started
2025-10-26 13:56:27,964 - INFO - Scheduler has been shut down
2025-10-26 14:04:48,998 - INFO - Scheduler has been shut down
2025-10-26 14:04:50,708 - INFO - Scheduler started
2025-10-26 14:04:50,806 - INFO - Scheduler has been shut down
2025-10-26 14:04:58,951 - INFO - Scheduler started
2025-10-26 14:05:06,172 - INFO - Scheduler has been shut down
2025-10-26 14:05:07,759 - INFO - Scheduler started
2025-10-26 14:05:12,751 - INFO - Scheduler has been shut down
2025-10-26 14:05:14,562 - INFO - Scheduler started
2025-10-26 14:08:17,977 - INFO - Scheduler has been shut down
2025-10-26 14:08:20,416 - INFO - Scheduler started
2025-10-26 14:33:17,388 - INFO - Scheduler has been shut down
2025-10-26 14:33:19,730 - INFO - Scheduler started
2025-10-26 14:34:14,035 - INFO - Scheduler has been shut down
2025-10-26 14:34:16,373 - INFO - Scheduler started
2025-10-26 14:34:17,143 - INFO - Scheduler has been shut down
2025-10-26 14:35:39,213 - INFO - Scheduler started
2025-10-26 14:42:58,827 - INFO - Scheduler has been shut down
2025-10-26 14:43:00,740 - INFO - Scheduler started
2025-10-26 14:49:26,364 - INFO - Scheduler has been shut down
